<?xml version="1.0" encoding="UTF-8"?>
<!-- Generated by org.testng.reporters.JUnitReportReporter -->
<testsuite hostname="krdeMacBook-Pro.local" name="TestNGSimple.TestNGSimpleTest" tests="1" failures="0" timestamp="27 Apr 2015 11:28:08 GMT" time="0.032" errors="0">
  <testcase name="testAdd" time="0.032" classname="TestNGSimple.TestNGSimpleTest"/>
</testsuite> <!-- TestNGSimple.TestNGSimpleTest -->
