<?xml version="1.0" encoding="UTF-8"?>
<!-- Generated by org.testng.reporters.JUnitReportReporter -->
<testsuite hostname="krdeMacBook-Pro.local" name="TestNGSimple.HttpRequest" tests="1" failures="0" timestamp="28 Apr 2015 04:19:44 GMT" time="0.069" errors="0">
  <testcase name="aaaa" time="0.069" classname="TestNGSimple.HttpRequest"/>
</testsuite> <!-- TestNGSimple.HttpRequest -->
